[2018-12-17 15:47:41] INFO [main: CodeCraft-2019.py, 21] car_path is config/car.txt
[2018-12-17 15:47:41] INFO [main: CodeCraft-2019.py, 22] road_path is config/road.txt
[2018-12-17 15:47:41] INFO [main: CodeCraft-2019.py, 23] cross_path is config/cross.txt
[2018-12-17 15:47:41] INFO [main: CodeCraft-2019.py, 24] answer_path is config/answer.txt[2019-03-24 15:22:29] INFO [main: CodeCraft-2019.py, 23] car_path is config/car.txt
[2019-03-24 15:22:29] INFO [main: CodeCraft-2019.py, 24] road_path is config/road.txt
[2019-03-24 15:22:29] INFO [main: CodeCraft-2019.py, 25] cross_path is config/cross.txt
[2019-03-24 15:22:29] INFO [main: CodeCraft-2019.py, 26] answer_path is config/answer.txt
[2019-03-28 14:07:25] INFO [main: CodeCraft-2019.py, 23] car_path is ../config/car.txt
[2019-03-28 14:07:25] INFO [main: CodeCraft-2019.py, 24] road_path is ../config/road.txt
[2019-03-28 14:07:25] INFO [main: CodeCraft-2019.py, 25] cross_path is ../config/cross.txt
[2019-03-28 14:07:25] INFO [main: CodeCraft-2019.py, 26] answer_path is ../config/answer.txt
[2019-03-28 14:14:21] INFO [main: CodeCraft-2019.py, 23] car_path is config/car.txt
[2019-03-28 14:14:21] INFO [main: CodeCraft-2019.py, 24] road_path is config/road.txt
[2019-03-28 14:14:21] INFO [main: CodeCraft-2019.py, 25] cross_path is config/cross.txt
[2019-03-28 14:14:21] INFO [main: CodeCraft-2019.py, 26] answer_path is config/answer.txt
[2019-03-28 14:35:04] INFO [main: CodeCraft-2019.py, 23] car_path is config/car.txt
[2019-03-28 14:35:04] INFO [main: CodeCraft-2019.py, 24] road_path is config/road.txt
[2019-03-28 14:35:04] INFO [main: CodeCraft-2019.py, 25] cross_path is config/cross.txt
[2019-03-28 14:35:04] INFO [main: CodeCraft-2019.py, 26] answer_path is config/answer.txt
[2019-03-28 14:40:26] INFO [main: CodeCraft-2019.py, 15] please input args: car_path, road_path, cross_path, answerPath
[2019-03-28 14:40:51] INFO [main: CodeCraft-2019.py, 15] please input args: car_path, road_path, cross_path, answerPath
[2019-03-28 14:41:06] INFO [main: CodeCraft-2019.py, 15] please input args: car_path, road_path, cross_path, answerPath
[2019-03-28 14:43:25] INFO [main: CodeCraft-2019.py, 15] please input args: car_path, road_path, cross_path, answerPath
[2019-03-28 14:45:52] INFO [main: CodeCraft-2019.py, 15] please input args: car_path, road_path, cross_path, answerPath
[2019-03-28 14:46:03] INFO [main: CodeCraft-2019.py, 27] car_path is ./config/car.txt
[2019-03-28 14:46:03] INFO [main: CodeCraft-2019.py, 28] road_path is ./config/road.txt
[2019-03-28 14:46:03] INFO [main: CodeCraft-2019.py, 29] cross_path is ./config/cross.txt
[2019-03-28 14:46:03] INFO [main: CodeCraft-2019.py, 30] answer_path is ./config/answer.txt
[2019-03-28 14:46:28] INFO [main: CodeCraft-2019.py, 27] car_path is ../config/car.txt
[2019-03-28 14:46:28] INFO [main: CodeCraft-2019.py, 28] road_path is ../config/road.txt
[2019-03-28 14:46:28] INFO [main: CodeCraft-2019.py, 29] cross_path is ../config/cross.txt
[2019-03-28 14:46:28] INFO [main: CodeCraft-2019.py, 30] answer_path is ../config/answer.txt
[2019-03-28 14:46:59] INFO [main: CodeCraft-2019.py, 27] car_path is ../config/car.txt
[2019-03-28 14:46:59] INFO [main: CodeCraft-2019.py, 28] road_path is ../config/road.txt
[2019-03-28 14:46:59] INFO [main: CodeCraft-2019.py, 29] cross_path is ../config/cross.txt
[2019-03-28 14:46:59] INFO [main: CodeCraft-2019.py, 30] answer_path is ../config/answer.txt
[2019-03-28 14:47:39] INFO [main: CodeCraft-2019.py, 28] car_path is ../config/car.txt
[2019-03-28 14:47:39] INFO [main: CodeCraft-2019.py, 29] road_path is ../config/road.txt
[2019-03-28 14:47:39] INFO [main: CodeCraft-2019.py, 30] cross_path is ../config/cross.txt
[2019-03-28 14:47:39] INFO [main: CodeCraft-2019.py, 31] answer_path is ../config/answer.txt
[2019-03-28 14:47:57] DEBUG [wrapper: __init__.py, 410] CACHEDIR=/home/hyo/.cache/matplotlib
[2019-03-28 14:47:57] DEBUG [<module>: font_manager.py, 1465] Using fontManager instance from /home/hyo/.cache/matplotlib/fontList.json
[2019-03-28 14:47:57] DEBUG [pylab_setup: __init__.py, 90] backend TkAgg version unknown
[2019-03-28 14:50:14] INFO [main: CodeCraft-2019.py, 28] car_path is ../config/car.txt
[2019-03-28 14:50:14] INFO [main: CodeCraft-2019.py, 29] road_path is ../config/road.txt
[2019-03-28 14:50:14] INFO [main: CodeCraft-2019.py, 30] cross_path is ../config/cross.txt
[2019-03-28 14:50:14] INFO [main: CodeCraft-2019.py, 31] answer_path is ../config/answer.txt
[2019-03-28 14:52:07] INFO [main: CodeCraft-2019.py, 28] car_path is ../config/car.txt
[2019-03-28 14:52:07] INFO [main: CodeCraft-2019.py, 29] road_path is ../config/road.txt
[2019-03-28 14:52:07] INFO [main: CodeCraft-2019.py, 30] cross_path is ../config/cross.txt
[2019-03-28 14:52:07] INFO [main: CodeCraft-2019.py, 31] answer_path is ../config/answer.txt
[2019-03-28 14:54:36] INFO [main: CodeCraft-2019.py, 28] car_path is ../config/car.txt
[2019-03-28 14:54:36] INFO [main: CodeCraft-2019.py, 29] road_path is ../config/road.txt
[2019-03-28 14:54:36] INFO [main: CodeCraft-2019.py, 30] cross_path is ../config/cross.txt
[2019-03-28 14:54:36] INFO [main: CodeCraft-2019.py, 31] answer_path is ../config/answer.txt
[2019-03-28 14:55:01] INFO [main: CodeCraft-2019.py, 28] car_path is ../config/car.txt
[2019-03-28 14:55:01] INFO [main: CodeCraft-2019.py, 29] road_path is ../config/road.txt
[2019-03-28 14:55:01] INFO [main: CodeCraft-2019.py, 30] cross_path is ../config/cross.txt
[2019-03-28 14:55:01] INFO [main: CodeCraft-2019.py, 31] answer_path is ../config/answer.txt
[2019-03-28 15:03:45] INFO [main: CodeCraft-2019.py, 28] car_path is config/car.txt
[2019-03-28 15:03:45] INFO [main: CodeCraft-2019.py, 29] road_path is config/road.txt
[2019-03-28 15:03:45] INFO [main: CodeCraft-2019.py, 30] cross_path is config/cross.txt
[2019-03-28 15:03:45] INFO [main: CodeCraft-2019.py, 31] answer_path is config/answer.txt
[2019-03-28 15:09:50] INFO [main: CodeCraft-2019.py, 16] please input args: car_path, road_path, cross_path, answerPath
[2019-03-28 15:10:17] INFO [main: CodeCraft-2019.py, 28] car_path is ../config/car.txt
[2019-03-28 15:10:17] INFO [main: CodeCraft-2019.py, 29] road_path is ../config/road.txt
[2019-03-28 15:10:17] INFO [main: CodeCraft-2019.py, 30] cross_path is ../config/cross.txt
[2019-03-28 15:10:17] INFO [main: CodeCraft-2019.py, 31] answer_path is ../config/answer.txt
[2019-03-28 15:10:30] INFO [main: CodeCraft-2019.py, 28] car_path is ../config/car.txt
[2019-03-28 15:10:30] INFO [main: CodeCraft-2019.py, 29] road_path is ../config/road.txt
[2019-03-28 15:10:30] INFO [main: CodeCraft-2019.py, 30] cross_path is ../config/cross.txt
[2019-03-28 15:10:30] INFO [main: CodeCraft-2019.py, 31] answer_path is ../config/answer.txt
[2019-03-28 15:14:21] INFO [main: CodeCraft-2019.py, 28] car_path is ../config/car.txt
[2019-03-28 15:14:21] INFO [main: CodeCraft-2019.py, 29] road_path is ../config/road.txt
[2019-03-28 15:14:21] INFO [main: CodeCraft-2019.py, 30] cross_path is ../config/cross.txt
[2019-03-28 15:14:21] INFO [main: CodeCraft-2019.py, 31] answer_path is ../config/answer.txt
[2019-03-28 15:16:30] INFO [main: CodeCraft-2019.py, 28] car_path is ../config/car.txt
[2019-03-28 15:16:30] INFO [main: CodeCraft-2019.py, 29] road_path is ../config/road.txt
[2019-03-28 15:16:30] INFO [main: CodeCraft-2019.py, 30] cross_path is ../config/cross.txt
[2019-03-28 15:16:30] INFO [main: CodeCraft-2019.py, 31] answer_path is ../config/answer.txt
[2019-03-28 15:18:19] INFO [main: CodeCraft-2019.py, 28] car_path is ../config/car.txt
[2019-03-28 15:18:19] INFO [main: CodeCraft-2019.py, 29] road_path is ../config/road.txt
[2019-03-28 15:18:19] INFO [main: CodeCraft-2019.py, 30] cross_path is ../config/cross.txt
[2019-03-28 15:18:19] INFO [main: CodeCraft-2019.py, 31] answer_path is ../config/answer.txt
[2019-03-28 15:20:17] INFO [main: CodeCraft-2019.py, 28] car_path is config/car.txt
[2019-03-28 15:20:17] INFO [main: CodeCraft-2019.py, 29] road_path is config/road.txt
[2019-03-28 15:20:17] INFO [main: CodeCraft-2019.py, 30] cross_path is config/cross.txt
[2019-03-28 15:20:17] INFO [main: CodeCraft-2019.py, 31] answer_path is config/answer.txt
[2019-03-28 15:20:32] INFO [main: CodeCraft-2019.py, 28] car_path is config/car.txt
[2019-03-28 15:20:32] INFO [main: CodeCraft-2019.py, 29] road_path is config/road.txt
[2019-03-28 15:20:32] INFO [main: CodeCraft-2019.py, 30] cross_path is config/cross.txt
[2019-03-28 15:20:32] INFO [main: CodeCraft-2019.py, 31] answer_path is config/answer.txt
